
*** Running vivado
    with args -log Proyecto_TADSE_rst_ps7_0_50M_1.vds -m64 -product Vivado -mode batch -messageDb vivado.pb -notrace -source Proyecto_TADSE_rst_ps7_0_50M_1.tcl


****** Vivado v2016.4 (64-bit)
  **** SW Build 1756540 on Mon Jan 23 19:11:23 MST 2017
  **** IP Build 1755317 on Mon Jan 23 20:30:07 MST 2017
    ** Copyright 1986-2016 Xilinx, Inc. All Rights Reserved.

source Proyecto_TADSE_rst_ps7_0_50M_1.tcl -notrace
Starting RTL Elaboration : Time (s): cpu = 00:00:07 ; elapsed = 00:00:17 . Memory (MB): peak = 362.789 ; gain = 152.391
INFO: [Synth 8-638] synthesizing module 'Proyecto_TADSE_rst_ps7_0_50M_1' [d:/metastability-tool/embedded_hard/Proyecto_TADSE_IP_Custom/Proyecto_TADSE/Proyecto_TADSE.srcs/sources_1/bd/Proyecto_TADSE/ip/Proyecto_TADSE_rst_ps7_0_50M_1/synth/Proyecto_TADSE_rst_ps7_0_50M_1.vhd:71]
INFO: [Synth 8-638] synthesizing module 'proc_sys_reset' [d:/metastability-tool/embedded_hard/Proyecto_TADSE_IP_Custom/Proyecto_TADSE/Proyecto_TADSE.srcs/sources_1/bd/Proyecto_TADSE/ipshared/04b4/hdl/proc_sys_reset_v5_0_vh_rfs.vhd:1323]
INFO: [Synth 8-638] synthesizing module 'lpf' [d:/metastability-tool/embedded_hard/Proyecto_TADSE_IP_Custom/Proyecto_TADSE/Proyecto_TADSE.srcs/sources_1/bd/Proyecto_TADSE/ipshared/04b4/hdl/proc_sys_reset_v5_0_vh_rfs.vhd:816]
INFO: [Synth 8-638] synthesizing module 'SRL16' [D:/ProgramFiles/Xilinx/Vivado/2016.4/scripts/rt/data/unisim_comp.v:43312]
INFO: [Synth 8-256] done synthesizing module 'SRL16' (1#1) [D:/ProgramFiles/Xilinx/Vivado/2016.4/scripts/rt/data/unisim_comp.v:43312]
INFO: [Synth 8-638] synthesizing module 'cdc_sync' [d:/metastability-tool/embedded_hard/Proyecto_TADSE_IP_Custom/Proyecto_TADSE/Proyecto_TADSE.srcs/sources_1/bd/Proyecto_TADSE/ipshared/52cb/hdl/lib_cdc_v1_0_rfs.vhd:106]
INFO: [Synth 8-256] done synthesizing module 'cdc_sync' (2#1) [d:/metastability-tool/embedded_hard/Proyecto_TADSE_IP_Custom/Proyecto_TADSE/Proyecto_TADSE.srcs/sources_1/bd/Proyecto_TADSE/ipshared/52cb/hdl/lib_cdc_v1_0_rfs.vhd:106]
INFO: [Synth 8-256] done synthesizing module 'lpf' (3#1) [d:/metastability-tool/embedded_hard/Proyecto_TADSE_IP_Custom/Proyecto_TADSE/Proyecto_TADSE.srcs/sources_1/bd/Proyecto_TADSE/ipshared/04b4/hdl/proc_sys_reset_v5_0_vh_rfs.vhd:816]
INFO: [Synth 8-638] synthesizing module 'sequence_psr' [d:/metastability-tool/embedded_hard/Proyecto_TADSE_IP_Custom/Proyecto_TADSE/Proyecto_TADSE.srcs/sources_1/bd/Proyecto_TADSE/ipshared/04b4/hdl/proc_sys_reset_v5_0_vh_rfs.vhd:301]
INFO: [Synth 8-638] synthesizing module 'upcnt_n' [d:/metastability-tool/embedded_hard/Proyecto_TADSE_IP_Custom/Proyecto_TADSE/Proyecto_TADSE.srcs/sources_1/bd/Proyecto_TADSE/ipshared/04b4/hdl/proc_sys_reset_v5_0_vh_rfs.vhd:125]
INFO: [Synth 8-256] done synthesizing module 'upcnt_n' (4#1) [d:/metastability-tool/embedded_hard/Proyecto_TADSE_IP_Custom/Proyecto_TADSE/Proyecto_TADSE.srcs/sources_1/bd/Proyecto_TADSE/ipshared/04b4/hdl/proc_sys_reset_v5_0_vh_rfs.vhd:125]
INFO: [Synth 8-256] done synthesizing module 'sequence_psr' (5#1) [d:/metastability-tool/embedded_hard/Proyecto_TADSE_IP_Custom/Proyecto_TADSE/Proyecto_TADSE.srcs/sources_1/bd/Proyecto_TADSE/ipshared/04b4/hdl/proc_sys_reset_v5_0_vh_rfs.vhd:301]
INFO: [Synth 8-256] done synthesizing module 'proc_sys_reset' (6#1) [d:/metastability-tool/embedded_hard/Proyecto_TADSE_IP_Custom/Proyecto_TADSE/Proyecto_TADSE.srcs/sources_1/bd/Proyecto_TADSE/ipshared/04b4/hdl/proc_sys_reset_v5_0_vh_rfs.vhd:1323]
INFO: [Synth 8-256] done synthesizing module 'Proyecto_TADSE_rst_ps7_0_50M_1' (7#1) [d:/metastability-tool/embedded_hard/Proyecto_TADSE_IP_Custom/Proyecto_TADSE/Proyecto_TADSE.srcs/sources_1/bd/Proyecto_TADSE/ip/Proyecto_TADSE_rst_ps7_0_50M_1/synth/Proyecto_TADSE_rst_ps7_0_50M_1.vhd:71]
Finished RTL Elaboration : Time (s): cpu = 00:00:08 ; elapsed = 00:00:19 . Memory (MB): peak = 401.063 ; gain = 190.664
Finished RTL Optimization Phase 1 : Time (s): cpu = 00:00:08 ; elapsed = 00:00:20 . Memory (MB): peak = 401.063 ; gain = 190.664
INFO: [Device 21-403] Loading part xc7z020clg400-1
Constraint Validation Runtime : Time (s): cpu = 00:00:00 ; elapsed = 00:00:00.143 . Memory (MB): peak = 721.891 ; gain = 0.000
Finished Constraint Validation : Time (s): cpu = 00:00:17 ; elapsed = 00:00:40 . Memory (MB): peak = 721.891 ; gain = 511.492
Finished Loading Part and Timing Information : Time (s): cpu = 00:00:17 ; elapsed = 00:00:40 . Memory (MB): peak = 721.891 ; gain = 511.492
Finished applying 'set_property' XDC Constraints : Time (s): cpu = 00:00:17 ; elapsed = 00:00:40 . Memory (MB): peak = 721.891 ; gain = 511.492
Finished RTL Optimization Phase 2 : Time (s): cpu = 00:00:17 ; elapsed = 00:00:40 . Memory (MB): peak = 721.891 ; gain = 511.492
Finished Cross Boundary and Area Optimization : Time (s): cpu = 00:00:17 ; elapsed = 00:00:41 . Memory (MB): peak = 721.891 ; gain = 511.492
Finished Applying XDC Timing Constraints : Time (s): cpu = 00:00:31 ; elapsed = 00:01:00 . Memory (MB): peak = 721.891 ; gain = 511.492
Finished Timing Optimization : Time (s): cpu = 00:00:31 ; elapsed = 00:01:00 . Memory (MB): peak = 721.891 ; gain = 511.492
Finished Technology Mapping : Time (s): cpu = 00:00:32 ; elapsed = 00:01:00 . Memory (MB): peak = 721.891 ; gain = 511.492
Finished IO Insertion : Time (s): cpu = 00:00:32 ; elapsed = 00:01:01 . Memory (MB): peak = 721.891 ; gain = 511.492
Finished Renaming Generated Instances : Time (s): cpu = 00:00:32 ; elapsed = 00:01:01 . Memory (MB): peak = 721.891 ; gain = 511.492
Finished Rebuilding User Hierarchy : Time (s): cpu = 00:00:32 ; elapsed = 00:01:01 . Memory (MB): peak = 721.891 ; gain = 511.492
Finished Renaming Generated Ports : Time (s): cpu = 00:00:32 ; elapsed = 00:01:01 . Memory (MB): peak = 721.891 ; gain = 511.492
Finished Handling Custom Attributes : Time (s): cpu = 00:00:32 ; elapsed = 00:01:01 . Memory (MB): peak = 721.891 ; gain = 511.492
Finished Renaming Generated Nets : Time (s): cpu = 00:00:32 ; elapsed = 00:01:01 . Memory (MB): peak = 721.891 ; gain = 511.492

Report Cell Usage: 
+------+------+------+
|      |Cell  |Count |
+------+------+------+
|1     |LUT1  |     5|
|2     |LUT2  |     9|
|3     |LUT3  |     1|
|4     |LUT4  |     6|
|5     |LUT5  |     3|
|6     |LUT6  |     1|
|7     |SRL16 |     1|
|8     |FDR   |     8|
|9     |FDRE  |    28|
|10    |FDSE  |     4|
+------+------+------+
Finished Writing Synthesis Report : Time (s): cpu = 00:00:32 ; elapsed = 00:01:01 . Memory (MB): peak = 721.891 ; gain = 511.492
synth_design: Time (s): cpu = 00:00:31 ; elapsed = 00:00:56 . Memory (MB): peak = 721.891 ; gain = 435.887
