
*** Running vivado
    with args -log Proyecto_TADSE_xadc_wiz_0_0.vds -m64 -product Vivado -mode batch -messageDb vivado.pb -notrace -source Proyecto_TADSE_xadc_wiz_0_0.tcl


****** Vivado v2016.4 (64-bit)
  **** SW Build 1756540 on Mon Jan 23 19:11:23 MST 2017
  **** IP Build 1755317 on Mon Jan 23 20:30:07 MST 2017
    ** Copyright 1986-2016 Xilinx, Inc. All Rights Reserved.

source Proyecto_TADSE_xadc_wiz_0_0.tcl -notrace
Starting RTL Elaboration : Time (s): cpu = 00:00:05 ; elapsed = 00:00:16 . Memory (MB): peak = 365.352 ; gain = 154.965
INFO: [Synth 8-638] synthesizing module 'Proyecto_TADSE_xadc_wiz_0_0' [d:/metastability-tool/embedded_hard/hard_v2/project_1.srcs/sources_1/bd/Proyecto_TADSE/ip/Proyecto_TADSE_xadc_wiz_0_0/Proyecto_TADSE_xadc_wiz_0_0.vhd:96]
INFO: [Synth 8-638] synthesizing module 'Proyecto_TADSE_xadc_wiz_0_0_axi_xadc' [d:/metastability-tool/embedded_hard/hard_v2/project_1.srcs/sources_1/bd/Proyecto_TADSE/ip/Proyecto_TADSE_xadc_wiz_0_0/Proyecto_TADSE_xadc_wiz_0_0_axi_xadc.vhd:237]
INFO: [Synth 8-638] synthesizing module 'Proyecto_TADSE_xadc_wiz_0_0_axi_lite_ipif' [d:/metastability-tool/embedded_hard/hard_v2/project_1.srcs/sources_1/bd/Proyecto_TADSE/ip/Proyecto_TADSE_xadc_wiz_0_0/axi_lite_ipif_v1_01_a/hdl/src/vhdl/Proyecto_TADSE_xadc_wiz_0_0_axi_lite_ipif.vhd:241]
INFO: [Synth 8-638] synthesizing module 'Proyecto_TADSE_xadc_wiz_0_0_slave_attachment' [d:/metastability-tool/embedded_hard/hard_v2/project_1.srcs/sources_1/bd/Proyecto_TADSE/ip/Proyecto_TADSE_xadc_wiz_0_0/axi_lite_ipif_v1_01_a/hdl/src/vhdl/Proyecto_TADSE_xadc_wiz_0_0_slave_attachment.vhd:227]
INFO: [Synth 8-638] synthesizing module 'Proyecto_TADSE_xadc_wiz_0_0_address_decoder' [d:/metastability-tool/embedded_hard/hard_v2/project_1.srcs/sources_1/bd/Proyecto_TADSE/ip/Proyecto_TADSE_xadc_wiz_0_0/axi_lite_ipif_v1_01_a/hdl/src/vhdl/Proyecto_TADSE_xadc_wiz_0_0_address_decoder.vhd:176]
INFO: [Synth 8-638] synthesizing module 'Proyecto_TADSE_xadc_wiz_0_0_pselect_f' [d:/metastability-tool/embedded_hard/hard_v2/project_1.srcs/sources_1/bd/Proyecto_TADSE/ip/Proyecto_TADSE_xadc_wiz_0_0/proc_common_v3_30_a/hdl/src/vhdl/Proyecto_TADSE_xadc_wiz_0_0_pselect_f.vhd:167]
INFO: [Synth 8-256] done synthesizing module 'Proyecto_TADSE_xadc_wiz_0_0_pselect_f' (1#1) [d:/metastability-tool/embedded_hard/hard_v2/project_1.srcs/sources_1/bd/Proyecto_TADSE/ip/Proyecto_TADSE_xadc_wiz_0_0/proc_common_v3_30_a/hdl/src/vhdl/Proyecto_TADSE_xadc_wiz_0_0_pselect_f.vhd:167]
INFO: [Synth 8-638] synthesizing module 'Proyecto_TADSE_xadc_wiz_0_0_pselect_f__parameterized0' [d:/metastability-tool/embedded_hard/hard_v2/project_1.srcs/sources_1/bd/Proyecto_TADSE/ip/Proyecto_TADSE_xadc_wiz_0_0/proc_common_v3_30_a/hdl/src/vhdl/Proyecto_TADSE_xadc_wiz_0_0_pselect_f.vhd:167]
INFO: [Synth 8-256] done synthesizing module 'Proyecto_TADSE_xadc_wiz_0_0_pselect_f__parameterized0' (1#1) [d:/metastability-tool/embedded_hard/hard_v2/project_1.srcs/sources_1/bd/Proyecto_TADSE/ip/Proyecto_TADSE_xadc_wiz_0_0/proc_common_v3_30_a/hdl/src/vhdl/Proyecto_TADSE_xadc_wiz_0_0_pselect_f.vhd:167]
INFO: [Synth 8-638] synthesizing module 'Proyecto_TADSE_xadc_wiz_0_0_pselect_f__parameterized1' [d:/metastability-tool/embedded_hard/hard_v2/project_1.srcs/sources_1/bd/Proyecto_TADSE/ip/Proyecto_TADSE_xadc_wiz_0_0/proc_common_v3_30_a/hdl/src/vhdl/Proyecto_TADSE_xadc_wiz_0_0_pselect_f.vhd:167]
INFO: [Synth 8-256] done synthesizing module 'Proyecto_TADSE_xadc_wiz_0_0_pselect_f__parameterized1' (1#1) [d:/metastability-tool/embedded_hard/hard_v2/project_1.srcs/sources_1/bd/Proyecto_TADSE/ip/Proyecto_TADSE_xadc_wiz_0_0/proc_common_v3_30_a/hdl/src/vhdl/Proyecto_TADSE_xadc_wiz_0_0_pselect_f.vhd:167]
INFO: [Synth 8-638] synthesizing module 'Proyecto_TADSE_xadc_wiz_0_0_pselect_f__parameterized2' [d:/metastability-tool/embedded_hard/hard_v2/project_1.srcs/sources_1/bd/Proyecto_TADSE/ip/Proyecto_TADSE_xadc_wiz_0_0/proc_common_v3_30_a/hdl/src/vhdl/Proyecto_TADSE_xadc_wiz_0_0_pselect_f.vhd:167]
INFO: [Synth 8-256] done synthesizing module 'Proyecto_TADSE_xadc_wiz_0_0_pselect_f__parameterized2' (1#1) [d:/metastability-tool/embedded_hard/hard_v2/project_1.srcs/sources_1/bd/Proyecto_TADSE/ip/Proyecto_TADSE_xadc_wiz_0_0/proc_common_v3_30_a/hdl/src/vhdl/Proyecto_TADSE_xadc_wiz_0_0_pselect_f.vhd:167]
INFO: [Synth 8-638] synthesizing module 'Proyecto_TADSE_xadc_wiz_0_0_pselect_f__parameterized3' [d:/metastability-tool/embedded_hard/hard_v2/project_1.srcs/sources_1/bd/Proyecto_TADSE/ip/Proyecto_TADSE_xadc_wiz_0_0/proc_common_v3_30_a/hdl/src/vhdl/Proyecto_TADSE_xadc_wiz_0_0_pselect_f.vhd:167]
INFO: [Synth 8-256] done synthesizing module 'Proyecto_TADSE_xadc_wiz_0_0_pselect_f__parameterized3' (1#1) [d:/metastability-tool/embedded_hard/hard_v2/project_1.srcs/sources_1/bd/Proyecto_TADSE/ip/Proyecto_TADSE_xadc_wiz_0_0/proc_common_v3_30_a/hdl/src/vhdl/Proyecto_TADSE_xadc_wiz_0_0_pselect_f.vhd:167]
INFO: [Synth 8-638] synthesizing module 'Proyecto_TADSE_xadc_wiz_0_0_pselect_f__parameterized4' [d:/metastability-tool/embedded_hard/hard_v2/project_1.srcs/sources_1/bd/Proyecto_TADSE/ip/Proyecto_TADSE_xadc_wiz_0_0/proc_common_v3_30_a/hdl/src/vhdl/Proyecto_TADSE_xadc_wiz_0_0_pselect_f.vhd:167]
INFO: [Synth 8-256] done synthesizing module 'Proyecto_TADSE_xadc_wiz_0_0_pselect_f__parameterized4' (1#1) [d:/metastability-tool/embedded_hard/hard_v2/project_1.srcs/sources_1/bd/Proyecto_TADSE/ip/Proyecto_TADSE_xadc_wiz_0_0/proc_common_v3_30_a/hdl/src/vhdl/Proyecto_TADSE_xadc_wiz_0_0_pselect_f.vhd:167]
INFO: [Synth 8-638] synthesizing module 'Proyecto_TADSE_xadc_wiz_0_0_pselect_f__parameterized5' [d:/metastability-tool/embedded_hard/hard_v2/project_1.srcs/sources_1/bd/Proyecto_TADSE/ip/Proyecto_TADSE_xadc_wiz_0_0/proc_common_v3_30_a/hdl/src/vhdl/Proyecto_TADSE_xadc_wiz_0_0_pselect_f.vhd:167]
INFO: [Synth 8-256] done synthesizing module 'Proyecto_TADSE_xadc_wiz_0_0_pselect_f__parameterized5' (1#1) [d:/metastability-tool/embedded_hard/hard_v2/project_1.srcs/sources_1/bd/Proyecto_TADSE/ip/Proyecto_TADSE_xadc_wiz_0_0/proc_common_v3_30_a/hdl/src/vhdl/Proyecto_TADSE_xadc_wiz_0_0_pselect_f.vhd:167]
INFO: [Synth 8-638] synthesizing module 'Proyecto_TADSE_xadc_wiz_0_0_pselect_f__parameterized6' [d:/metastability-tool/embedded_hard/hard_v2/project_1.srcs/sources_1/bd/Proyecto_TADSE/ip/Proyecto_TADSE_xadc_wiz_0_0/proc_common_v3_30_a/hdl/src/vhdl/Proyecto_TADSE_xadc_wiz_0_0_pselect_f.vhd:167]
INFO: [Synth 8-256] done synthesizing module 'Proyecto_TADSE_xadc_wiz_0_0_pselect_f__parameterized6' (1#1) [d:/metastability-tool/embedded_hard/hard_v2/project_1.srcs/sources_1/bd/Proyecto_TADSE/ip/Proyecto_TADSE_xadc_wiz_0_0/proc_common_v3_30_a/hdl/src/vhdl/Proyecto_TADSE_xadc_wiz_0_0_pselect_f.vhd:167]
INFO: [Synth 8-638] synthesizing module 'Proyecto_TADSE_xadc_wiz_0_0_pselect_f__parameterized7' [d:/metastability-tool/embedded_hard/hard_v2/project_1.srcs/sources_1/bd/Proyecto_TADSE/ip/Proyecto_TADSE_xadc_wiz_0_0/proc_common_v3_30_a/hdl/src/vhdl/Proyecto_TADSE_xadc_wiz_0_0_pselect_f.vhd:167]
INFO: [Synth 8-256] done synthesizing module 'Proyecto_TADSE_xadc_wiz_0_0_pselect_f__parameterized7' (1#1) [d:/metastability-tool/embedded_hard/hard_v2/project_1.srcs/sources_1/bd/Proyecto_TADSE/ip/Proyecto_TADSE_xadc_wiz_0_0/proc_common_v3_30_a/hdl/src/vhdl/Proyecto_TADSE_xadc_wiz_0_0_pselect_f.vhd:167]
INFO: [Synth 8-638] synthesizing module 'Proyecto_TADSE_xadc_wiz_0_0_pselect_f__parameterized8' [d:/metastability-tool/embedded_hard/hard_v2/project_1.srcs/sources_1/bd/Proyecto_TADSE/ip/Proyecto_TADSE_xadc_wiz_0_0/proc_common_v3_30_a/hdl/src/vhdl/Proyecto_TADSE_xadc_wiz_0_0_pselect_f.vhd:167]
INFO: [Synth 8-256] done synthesizing module 'Proyecto_TADSE_xadc_wiz_0_0_pselect_f__parameterized8' (1#1) [d:/metastability-tool/embedded_hard/hard_v2/project_1.srcs/sources_1/bd/Proyecto_TADSE/ip/Proyecto_TADSE_xadc_wiz_0_0/proc_common_v3_30_a/hdl/src/vhdl/Proyecto_TADSE_xadc_wiz_0_0_pselect_f.vhd:167]
INFO: [Synth 8-638] synthesizing module 'Proyecto_TADSE_xadc_wiz_0_0_pselect_f__parameterized9' [d:/metastability-tool/embedded_hard/hard_v2/project_1.srcs/sources_1/bd/Proyecto_TADSE/ip/Proyecto_TADSE_xadc_wiz_0_0/proc_common_v3_30_a/hdl/src/vhdl/Proyecto_TADSE_xadc_wiz_0_0_pselect_f.vhd:167]
INFO: [Synth 8-256] done synthesizing module 'Proyecto_TADSE_xadc_wiz_0_0_pselect_f__parameterized9' (1#1) [d:/metastability-tool/embedded_hard/hard_v2/project_1.srcs/sources_1/bd/Proyecto_TADSE/ip/Proyecto_TADSE_xadc_wiz_0_0/proc_common_v3_30_a/hdl/src/vhdl/Proyecto_TADSE_xadc_wiz_0_0_pselect_f.vhd:167]
INFO: [Synth 8-638] synthesizing module 'Proyecto_TADSE_xadc_wiz_0_0_pselect_f__parameterized10' [d:/metastability-tool/embedded_hard/hard_v2/project_1.srcs/sources_1/bd/Proyecto_TADSE/ip/Proyecto_TADSE_xadc_wiz_0_0/proc_common_v3_30_a/hdl/src/vhdl/Proyecto_TADSE_xadc_wiz_0_0_pselect_f.vhd:167]
INFO: [Synth 8-256] done synthesizing module 'Proyecto_TADSE_xadc_wiz_0_0_pselect_f__parameterized10' (1#1) [d:/metastability-tool/embedded_hard/hard_v2/project_1.srcs/sources_1/bd/Proyecto_TADSE/ip/Proyecto_TADSE_xadc_wiz_0_0/proc_common_v3_30_a/hdl/src/vhdl/Proyecto_TADSE_xadc_wiz_0_0_pselect_f.vhd:167]
INFO: [Synth 8-638] synthesizing module 'Proyecto_TADSE_xadc_wiz_0_0_pselect_f__parameterized11' [d:/metastability-tool/embedded_hard/hard_v2/project_1.srcs/sources_1/bd/Proyecto_TADSE/ip/Proyecto_TADSE_xadc_wiz_0_0/proc_common_v3_30_a/hdl/src/vhdl/Proyecto_TADSE_xadc_wiz_0_0_pselect_f.vhd:167]
INFO: [Synth 8-256] done synthesizing module 'Proyecto_TADSE_xadc_wiz_0_0_pselect_f__parameterized11' (1#1) [d:/metastability-tool/embedded_hard/hard_v2/project_1.srcs/sources_1/bd/Proyecto_TADSE/ip/Proyecto_TADSE_xadc_wiz_0_0/proc_common_v3_30_a/hdl/src/vhdl/Proyecto_TADSE_xadc_wiz_0_0_pselect_f.vhd:167]
INFO: [Synth 8-638] synthesizing module 'Proyecto_TADSE_xadc_wiz_0_0_pselect_f__parameterized12' [d:/metastability-tool/embedded_hard/hard_v2/project_1.srcs/sources_1/bd/Proyecto_TADSE/ip/Proyecto_TADSE_xadc_wiz_0_0/proc_common_v3_30_a/hdl/src/vhdl/Proyecto_TADSE_xadc_wiz_0_0_pselect_f.vhd:167]
INFO: [Synth 8-256] done synthesizing module 'Proyecto_TADSE_xadc_wiz_0_0_pselect_f__parameterized12' (1#1) [d:/metastability-tool/embedded_hard/hard_v2/project_1.srcs/sources_1/bd/Proyecto_TADSE/ip/Proyecto_TADSE_xadc_wiz_0_0/proc_common_v3_30_a/hdl/src/vhdl/Proyecto_TADSE_xadc_wiz_0_0_pselect_f.vhd:167]
INFO: [Synth 8-638] synthesizing module 'Proyecto_TADSE_xadc_wiz_0_0_pselect_f__parameterized13' [d:/metastability-tool/embedded_hard/hard_v2/project_1.srcs/sources_1/bd/Proyecto_TADSE/ip/Proyecto_TADSE_xadc_wiz_0_0/proc_common_v3_30_a/hdl/src/vhdl/Proyecto_TADSE_xadc_wiz_0_0_pselect_f.vhd:167]
INFO: [Synth 8-256] done synthesizing module 'Proyecto_TADSE_xadc_wiz_0_0_pselect_f__parameterized13' (1#1) [d:/metastability-tool/embedded_hard/hard_v2/project_1.srcs/sources_1/bd/Proyecto_TADSE/ip/Proyecto_TADSE_xadc_wiz_0_0/proc_common_v3_30_a/hdl/src/vhdl/Proyecto_TADSE_xadc_wiz_0_0_pselect_f.vhd:167]
INFO: [Synth 8-638] synthesizing module 'Proyecto_TADSE_xadc_wiz_0_0_pselect_f__parameterized14' [d:/metastability-tool/embedded_hard/hard_v2/project_1.srcs/sources_1/bd/Proyecto_TADSE/ip/Proyecto_TADSE_xadc_wiz_0_0/proc_common_v3_30_a/hdl/src/vhdl/Proyecto_TADSE_xadc_wiz_0_0_pselect_f.vhd:167]
INFO: [Synth 8-256] done synthesizing module 'Proyecto_TADSE_xadc_wiz_0_0_pselect_f__parameterized14' (1#1) [d:/metastability-tool/embedded_hard/hard_v2/project_1.srcs/sources_1/bd/Proyecto_TADSE/ip/Proyecto_TADSE_xadc_wiz_0_0/proc_common_v3_30_a/hdl/src/vhdl/Proyecto_TADSE_xadc_wiz_0_0_pselect_f.vhd:167]
INFO: [Synth 8-638] synthesizing module 'Proyecto_TADSE_xadc_wiz_0_0_pselect_f__parameterized15' [d:/metastability-tool/embedded_hard/hard_v2/project_1.srcs/sources_1/bd/Proyecto_TADSE/ip/Proyecto_TADSE_xadc_wiz_0_0/proc_common_v3_30_a/hdl/src/vhdl/Proyecto_TADSE_xadc_wiz_0_0_pselect_f.vhd:167]
INFO: [Synth 8-256] done synthesizing module 'Proyecto_TADSE_xadc_wiz_0_0_pselect_f__parameterized15' (1#1) [d:/metastability-tool/embedded_hard/hard_v2/project_1.srcs/sources_1/bd/Proyecto_TADSE/ip/Proyecto_TADSE_xadc_wiz_0_0/proc_common_v3_30_a/hdl/src/vhdl/Proyecto_TADSE_xadc_wiz_0_0_pselect_f.vhd:167]
INFO: [Synth 8-638] synthesizing module 'Proyecto_TADSE_xadc_wiz_0_0_pselect_f__parameterized16' [d:/metastability-tool/embedded_hard/hard_v2/project_1.srcs/sources_1/bd/Proyecto_TADSE/ip/Proyecto_TADSE_xadc_wiz_0_0/proc_common_v3_30_a/hdl/src/vhdl/Proyecto_TADSE_xadc_wiz_0_0_pselect_f.vhd:167]
INFO: [Synth 8-256] done synthesizing module 'Proyecto_TADSE_xadc_wiz_0_0_pselect_f__parameterized16' (1#1) [d:/metastability-tool/embedded_hard/hard_v2/project_1.srcs/sources_1/bd/Proyecto_TADSE/ip/Proyecto_TADSE_xadc_wiz_0_0/proc_common_v3_30_a/hdl/src/vhdl/Proyecto_TADSE_xadc_wiz_0_0_pselect_f.vhd:167]
INFO: [Synth 8-638] synthesizing module 'Proyecto_TADSE_xadc_wiz_0_0_pselect_f__parameterized17' [d:/metastability-tool/embedded_hard/hard_v2/project_1.srcs/sources_1/bd/Proyecto_TADSE/ip/Proyecto_TADSE_xadc_wiz_0_0/proc_common_v3_30_a/hdl/src/vhdl/Proyecto_TADSE_xadc_wiz_0_0_pselect_f.vhd:167]
INFO: [Synth 8-256] done synthesizing module 'Proyecto_TADSE_xadc_wiz_0_0_pselect_f__parameterized17' (1#1) [d:/metastability-tool/embedded_hard/hard_v2/project_1.srcs/sources_1/bd/Proyecto_TADSE/ip/Proyecto_TADSE_xadc_wiz_0_0/proc_common_v3_30_a/hdl/src/vhdl/Proyecto_TADSE_xadc_wiz_0_0_pselect_f.vhd:167]
INFO: [Synth 8-638] synthesizing module 'Proyecto_TADSE_xadc_wiz_0_0_pselect_f__parameterized18' [d:/metastability-tool/embedded_hard/hard_v2/project_1.srcs/sources_1/bd/Proyecto_TADSE/ip/Proyecto_TADSE_xadc_wiz_0_0/proc_common_v3_30_a/hdl/src/vhdl/Proyecto_TADSE_xadc_wiz_0_0_pselect_f.vhd:167]
INFO: [Synth 8-256] done synthesizing module 'Proyecto_TADSE_xadc_wiz_0_0_pselect_f__parameterized18' (1#1) [d:/metastability-tool/embedded_hard/hard_v2/project_1.srcs/sources_1/bd/Proyecto_TADSE/ip/Proyecto_TADSE_xadc_wiz_0_0/proc_common_v3_30_a/hdl/src/vhdl/Proyecto_TADSE_xadc_wiz_0_0_pselect_f.vhd:167]
INFO: [Synth 8-638] synthesizing module 'Proyecto_TADSE_xadc_wiz_0_0_pselect_f__parameterized19' [d:/metastability-tool/embedded_hard/hard_v2/project_1.srcs/sources_1/bd/Proyecto_TADSE/ip/Proyecto_TADSE_xadc_wiz_0_0/proc_common_v3_30_a/hdl/src/vhdl/Proyecto_TADSE_xadc_wiz_0_0_pselect_f.vhd:167]
INFO: [Synth 8-256] done synthesizing module 'Proyecto_TADSE_xadc_wiz_0_0_pselect_f__parameterized19' (1#1) [d:/metastability-tool/embedded_hard/hard_v2/project_1.srcs/sources_1/bd/Proyecto_TADSE/ip/Proyecto_TADSE_xadc_wiz_0_0/proc_common_v3_30_a/hdl/src/vhdl/Proyecto_TADSE_xadc_wiz_0_0_pselect_f.vhd:167]
INFO: [Synth 8-638] synthesizing module 'Proyecto_TADSE_xadc_wiz_0_0_pselect_f__parameterized20' [d:/metastability-tool/embedded_hard/hard_v2/project_1.srcs/sources_1/bd/Proyecto_TADSE/ip/Proyecto_TADSE_xadc_wiz_0_0/proc_common_v3_30_a/hdl/src/vhdl/Proyecto_TADSE_xadc_wiz_0_0_pselect_f.vhd:167]
INFO: [Synth 8-256] done synthesizing module 'Proyecto_TADSE_xadc_wiz_0_0_pselect_f__parameterized20' (1#1) [d:/metastability-tool/embedded_hard/hard_v2/project_1.srcs/sources_1/bd/Proyecto_TADSE/ip/Proyecto_TADSE_xadc_wiz_0_0/proc_common_v3_30_a/hdl/src/vhdl/Proyecto_TADSE_xadc_wiz_0_0_pselect_f.vhd:167]
INFO: [Synth 8-638] synthesizing module 'Proyecto_TADSE_xadc_wiz_0_0_pselect_f__parameterized21' [d:/metastability-tool/embedded_hard/hard_v2/project_1.srcs/sources_1/bd/Proyecto_TADSE/ip/Proyecto_TADSE_xadc_wiz_0_0/proc_common_v3_30_a/hdl/src/vhdl/Proyecto_TADSE_xadc_wiz_0_0_pselect_f.vhd:167]
INFO: [Synth 8-256] done synthesizing module 'Proyecto_TADSE_xadc_wiz_0_0_pselect_f__parameterized21' (1#1) [d:/metastability-tool/embedded_hard/hard_v2/project_1.srcs/sources_1/bd/Proyecto_TADSE/ip/Proyecto_TADSE_xadc_wiz_0_0/proc_common_v3_30_a/hdl/src/vhdl/Proyecto_TADSE_xadc_wiz_0_0_pselect_f.vhd:167]
INFO: [Synth 8-638] synthesizing module 'Proyecto_TADSE_xadc_wiz_0_0_pselect_f__parameterized22' [d:/metastability-tool/embedded_hard/hard_v2/project_1.srcs/sources_1/bd/Proyecto_TADSE/ip/Proyecto_TADSE_xadc_wiz_0_0/proc_common_v3_30_a/hdl/src/vhdl/Proyecto_TADSE_xadc_wiz_0_0_pselect_f.vhd:167]
INFO: [Synth 8-256] done synthesizing module 'Proyecto_TADSE_xadc_wiz_0_0_pselect_f__parameterized22' (1#1) [d:/metastability-tool/embedded_hard/hard_v2/project_1.srcs/sources_1/bd/Proyecto_TADSE/ip/Proyecto_TADSE_xadc_wiz_0_0/proc_common_v3_30_a/hdl/src/vhdl/Proyecto_TADSE_xadc_wiz_0_0_pselect_f.vhd:167]
INFO: [Synth 8-638] synthesizing module 'Proyecto_TADSE_xadc_wiz_0_0_pselect_f__parameterized23' [d:/metastability-tool/embedded_hard/hard_v2/project_1.srcs/sources_1/bd/Proyecto_TADSE/ip/Proyecto_TADSE_xadc_wiz_0_0/proc_common_v3_30_a/hdl/src/vhdl/Proyecto_TADSE_xadc_wiz_0_0_pselect_f.vhd:167]
INFO: [Synth 8-256] done synthesizing module 'Proyecto_TADSE_xadc_wiz_0_0_pselect_f__parameterized23' (1#1) [d:/metastability-tool/embedded_hard/hard_v2/project_1.srcs/sources_1/bd/Proyecto_TADSE/ip/Proyecto_TADSE_xadc_wiz_0_0/proc_common_v3_30_a/hdl/src/vhdl/Proyecto_TADSE_xadc_wiz_0_0_pselect_f.vhd:167]
INFO: [Synth 8-638] synthesizing module 'Proyecto_TADSE_xadc_wiz_0_0_pselect_f__parameterized24' [d:/metastability-tool/embedded_hard/hard_v2/project_1.srcs/sources_1/bd/Proyecto_TADSE/ip/Proyecto_TADSE_xadc_wiz_0_0/proc_common_v3_30_a/hdl/src/vhdl/Proyecto_TADSE_xadc_wiz_0_0_pselect_f.vhd:167]
INFO: [Synth 8-256] done synthesizing module 'Proyecto_TADSE_xadc_wiz_0_0_pselect_f__parameterized24' (1#1) [d:/metastability-tool/embedded_hard/hard_v2/project_1.srcs/sources_1/bd/Proyecto_TADSE/ip/Proyecto_TADSE_xadc_wiz_0_0/proc_common_v3_30_a/hdl/src/vhdl/Proyecto_TADSE_xadc_wiz_0_0_pselect_f.vhd:167]
INFO: [Synth 8-638] synthesizing module 'Proyecto_TADSE_xadc_wiz_0_0_pselect_f__parameterized25' [d:/metastability-tool/embedded_hard/hard_v2/project_1.srcs/sources_1/bd/Proyecto_TADSE/ip/Proyecto_TADSE_xadc_wiz_0_0/proc_common_v3_30_a/hdl/src/vhdl/Proyecto_TADSE_xadc_wiz_0_0_pselect_f.vhd:167]
INFO: [Synth 8-256] done synthesizing module 'Proyecto_TADSE_xadc_wiz_0_0_pselect_f__parameterized25' (1#1) [d:/metastability-tool/embedded_hard/hard_v2/project_1.srcs/sources_1/bd/Proyecto_TADSE/ip/Proyecto_TADSE_xadc_wiz_0_0/proc_common_v3_30_a/hdl/src/vhdl/Proyecto_TADSE_xadc_wiz_0_0_pselect_f.vhd:167]
INFO: [Synth 8-256] done synthesizing module 'Proyecto_TADSE_xadc_wiz_0_0_address_decoder' (2#1) [d:/metastability-tool/embedded_hard/hard_v2/project_1.srcs/sources_1/bd/Proyecto_TADSE/ip/Proyecto_TADSE_xadc_wiz_0_0/axi_lite_ipif_v1_01_a/hdl/src/vhdl/Proyecto_TADSE_xadc_wiz_0_0_address_decoder.vhd:176]
INFO: [Synth 8-256] done synthesizing module 'Proyecto_TADSE_xadc_wiz_0_0_slave_attachment' (3#1) [d:/metastability-tool/embedded_hard/hard_v2/project_1.srcs/sources_1/bd/Proyecto_TADSE/ip/Proyecto_TADSE_xadc_wiz_0_0/axi_lite_ipif_v1_01_a/hdl/src/vhdl/Proyecto_TADSE_xadc_wiz_0_0_slave_attachment.vhd:227]
INFO: [Synth 8-256] done synthesizing module 'Proyecto_TADSE_xadc_wiz_0_0_axi_lite_ipif' (4#1) [d:/metastability-tool/embedded_hard/hard_v2/project_1.srcs/sources_1/bd/Proyecto_TADSE/ip/Proyecto_TADSE_xadc_wiz_0_0/axi_lite_ipif_v1_01_a/hdl/src/vhdl/Proyecto_TADSE_xadc_wiz_0_0_axi_lite_ipif.vhd:241]
INFO: [Synth 8-638] synthesizing module 'Proyecto_TADSE_xadc_wiz_0_0_xadc_core_drp' [d:/metastability-tool/embedded_hard/hard_v2/project_1.srcs/sources_1/bd/Proyecto_TADSE/ip/Proyecto_TADSE_xadc_wiz_0_0/Proyecto_TADSE_xadc_wiz_0_0_xadc_core_drp.vhd:185]
INFO: [Synth 8-256] done synthesizing module 'Proyecto_TADSE_xadc_wiz_0_0_xadc_core_drp' (5#1) [d:/metastability-tool/embedded_hard/hard_v2/project_1.srcs/sources_1/bd/Proyecto_TADSE/ip/Proyecto_TADSE_xadc_wiz_0_0/Proyecto_TADSE_xadc_wiz_0_0_xadc_core_drp.vhd:185]
INFO: [Synth 8-638] synthesizing module 'Proyecto_TADSE_xadc_wiz_0_0_soft_reset' [d:/metastability-tool/embedded_hard/hard_v2/project_1.srcs/sources_1/bd/Proyecto_TADSE/ip/Proyecto_TADSE_xadc_wiz_0_0/proc_common_v3_30_a/hdl/src/vhdl/Proyecto_TADSE_xadc_wiz_0_0_soft_reset.vhd:142]
INFO: [Synth 8-256] done synthesizing module 'Proyecto_TADSE_xadc_wiz_0_0_soft_reset' (6#1) [d:/metastability-tool/embedded_hard/hard_v2/project_1.srcs/sources_1/bd/Proyecto_TADSE/ip/Proyecto_TADSE_xadc_wiz_0_0/proc_common_v3_30_a/hdl/src/vhdl/Proyecto_TADSE_xadc_wiz_0_0_soft_reset.vhd:142]
INFO: [Synth 8-638] synthesizing module 'Proyecto_TADSE_xadc_wiz_0_0_interrupt_control' [d:/metastability-tool/embedded_hard/hard_v2/project_1.srcs/sources_1/bd/Proyecto_TADSE/ip/Proyecto_TADSE_xadc_wiz_0_0/interrupt_control_v2_01_a/hdl/src/vhdl/Proyecto_TADSE_xadc_wiz_0_0_interrupt_control.vhd:240]
INFO: [Synth 8-256] done synthesizing module 'Proyecto_TADSE_xadc_wiz_0_0_interrupt_control' (7#1) [d:/metastability-tool/embedded_hard/hard_v2/project_1.srcs/sources_1/bd/Proyecto_TADSE/ip/Proyecto_TADSE_xadc_wiz_0_0/interrupt_control_v2_01_a/hdl/src/vhdl/Proyecto_TADSE_xadc_wiz_0_0_interrupt_control.vhd:240]
INFO: [Synth 8-256] done synthesizing module 'Proyecto_TADSE_xadc_wiz_0_0_axi_xadc' (8#1) [d:/metastability-tool/embedded_hard/hard_v2/project_1.srcs/sources_1/bd/Proyecto_TADSE/ip/Proyecto_TADSE_xadc_wiz_0_0/Proyecto_TADSE_xadc_wiz_0_0_axi_xadc.vhd:237]
INFO: [Synth 8-256] done synthesizing module 'Proyecto_TADSE_xadc_wiz_0_0' (9#1) [d:/metastability-tool/embedded_hard/hard_v2/project_1.srcs/sources_1/bd/Proyecto_TADSE/ip/Proyecto_TADSE_xadc_wiz_0_0/Proyecto_TADSE_xadc_wiz_0_0.vhd:96]
Finished RTL Elaboration : Time (s): cpu = 00:00:11 ; elapsed = 00:00:23 . Memory (MB): peak = 434.348 ; gain = 223.961
Finished RTL Optimization Phase 1 : Time (s): cpu = 00:00:12 ; elapsed = 00:00:24 . Memory (MB): peak = 434.348 ; gain = 223.961
INFO: [Device 21-403] Loading part xc7z020clg400-1
Constraint Validation Runtime : Time (s): cpu = 00:00:00 ; elapsed = 00:00:00.020 . Memory (MB): peak = 729.355 ; gain = 0.000
Finished Constraint Validation : Time (s): cpu = 00:00:18 ; elapsed = 00:00:32 . Memory (MB): peak = 729.355 ; gain = 518.969
Finished Loading Part and Timing Information : Time (s): cpu = 00:00:18 ; elapsed = 00:00:32 . Memory (MB): peak = 729.355 ; gain = 518.969
Finished applying 'set_property' XDC Constraints : Time (s): cpu = 00:00:18 ; elapsed = 00:00:32 . Memory (MB): peak = 729.355 ; gain = 518.969
Finished RTL Optimization Phase 2 : Time (s): cpu = 00:00:19 ; elapsed = 00:00:32 . Memory (MB): peak = 729.355 ; gain = 518.969
Finished Cross Boundary and Area Optimization : Time (s): cpu = 00:00:20 ; elapsed = 00:00:33 . Memory (MB): peak = 729.355 ; gain = 518.969
Finished Applying XDC Timing Constraints : Time (s): cpu = 00:00:28 ; elapsed = 00:00:42 . Memory (MB): peak = 729.355 ; gain = 518.969
Finished Timing Optimization : Time (s): cpu = 00:00:28 ; elapsed = 00:00:42 . Memory (MB): peak = 729.355 ; gain = 518.969
Finished Technology Mapping : Time (s): cpu = 00:00:28 ; elapsed = 00:00:42 . Memory (MB): peak = 729.355 ; gain = 518.969
Finished IO Insertion : Time (s): cpu = 00:00:29 ; elapsed = 00:00:43 . Memory (MB): peak = 729.355 ; gain = 518.969
Finished Renaming Generated Instances : Time (s): cpu = 00:00:29 ; elapsed = 00:00:43 . Memory (MB): peak = 729.355 ; gain = 518.969
Finished Rebuilding User Hierarchy : Time (s): cpu = 00:00:29 ; elapsed = 00:00:43 . Memory (MB): peak = 729.355 ; gain = 518.969
Finished Renaming Generated Ports : Time (s): cpu = 00:00:29 ; elapsed = 00:00:43 . Memory (MB): peak = 729.355 ; gain = 518.969
Finished Handling Custom Attributes : Time (s): cpu = 00:00:29 ; elapsed = 00:00:43 . Memory (MB): peak = 729.355 ; gain = 518.969
Finished Renaming Generated Nets : Time (s): cpu = 00:00:29 ; elapsed = 00:00:43 . Memory (MB): peak = 729.355 ; gain = 518.969

Report Cell Usage: 
+------+-----+------+
|      |Cell |Count |
+------+-----+------+
|1     |LUT1 |     2|
|2     |LUT2 |    37|
|3     |LUT3 |    23|
|4     |LUT4 |    21|
|5     |LUT5 |    50|
|6     |LUT6 |    63|
|7     |XADC |     1|
|8     |FDRE |   205|
|9     |FDSE |    30|
+------+-----+------+
Finished Writing Synthesis Report : Time (s): cpu = 00:00:29 ; elapsed = 00:00:43 . Memory (MB): peak = 729.355 ; gain = 518.969
synth_design: Time (s): cpu = 00:00:27 ; elapsed = 00:00:35 . Memory (MB): peak = 729.355 ; gain = 442.430
